Flutter crash report.
Please report a bug at https://github.com/flutter/flutter/issues.

## command

flutter run -d chrome --web-port=8000

## exception

RPCError: ext.flutter.debugDumpRenderTree: (-32603) Unexpected DWDS error for callServiceExtension: Unexpected error from chrome devtools:
text: Uncaught (in promise)
exception:
  preview: null
  description: null
  type: string
  value: Unexpected null value.
attempted JS eval: `require("dart_sdk").developer.invokeExtension(
    "ext.flutter.debugDumpRenderTree", JSON.stringify({}));
`


```
#0      new _OutstandingRequest (package:vm_service/src/vm_service.dart:265:34)
#1      VmService._call.<anonymous closure> (package:vm_service/src/vm_service.dart:1772:25)
#2      VmService._call (package:vm_service/src/vm_service.dart:1784:8)
#3      VmService.callServiceExtension (package:vm_service/src/vm_service.dart:1733:14)
#4      FlutterVmService._checkedCallServiceExtension (package:flutter_tools/src/vmservice.dart:868:28)
#5      FlutterVmService.invokeFlutterExtensionRpcRaw (package:flutter_tools/src/vmservice.dart:887:49)
#6      FlutterVmService.flutterDebugDumpRenderTree (package:flutter_tools/src/vmservice.dart:624:50)
#7      ResidentHandlers.debugDumpRenderTree (package:flutter_tools/src/resident_runner.dart:695:53)
<asynchronous suspension>
#8      TerminalHandler.processTerminalInput (package:flutter_tools/src/resident_runner.dart:1841:7)
<asynchronous suspension>
```

## flutter doctor

```
[32m[✓][39m Flutter (Channel stable, 3.22.2, on Microsoft Windows [Version 10.0.19045.4651], locale ko-KR)
    [32m•[39m Flutter version 3.22.2 on channel stable at C:\Users\kcti\Desktop\flutter_windows_3.22.2-stable\flutter
    [32m•[39m Upstream repository https://github.com/flutter/flutter.git
    [32m•[39m Framework revision 761747bfc5 (8 weeks ago), 2024-06-05 22:15:13 +0200
    [32m•[39m Engine revision edd8546116
    [32m•[39m Dart version 3.4.3
    [32m•[39m DevTools version 2.34.3

[32m[✓][39m Windows Version (Installed version of Windows is version 10 or higher)

[32m[✓][39m Android toolchain - develop for Android devices (Android SDK version 35.0.0)
    [32m•[39m Android SDK at C:\Users\kcti\AppData\Local\Android\Sdk
    [32m•[39m Platform android-35, build-tools 35.0.0
    [32m•[39m ANDROID_HOME = C:\Users\kcti\AppData\Local\Android\Sdk
    [32m•[39m Java binary at: C:\Program Files\Android\Android Studio\jbr\bin\java
    [32m•[39m Java version OpenJDK Runtime Environment (build 17.0.10+0--11609105)
    [32m•[39m All Android licenses accepted.

[32m[✓][39m Chrome - develop for the web
    [32m•[39m Chrome at C:\Program Files\Google\Chrome\Application\chrome.exe

[32m[✓][39m Visual Studio - develop Windows apps (Visual Studio Community 2022 17.10.3)
    [32m•[39m Visual Studio at C:\Program Files\Microsoft Visual Studio\2022\Community
    [32m•[39m Visual Studio Community 2022 version 17.10.35013.160
    [32m•[39m Windows 10 SDK version 10.0.22621.0

[32m[✓][39m Android Studio (version 2024.1)
    [32m•[39m Android Studio at C:\Program Files\Android\Android Studio
    [32m•[39m Flutter plugin can be installed from:
      🔨 https://plugins.jetbrains.com/plugin/9212-flutter
    [32m•[39m Dart plugin can be installed from:
      🔨 https://plugins.jetbrains.com/plugin/6351-dart
    [32m•[39m Java version OpenJDK Runtime Environment (build 17.0.10+0--11609105)

[32m[✓][39m VS Code (version 1.91.1)
    [32m•[39m VS Code at C:\Users\kcti\AppData\Local\Programs\Microsoft VS Code
    [32m•[39m Flutter extension version 3.92.0

[32m[✓][39m Connected device (3 available)
    [32m•[39m Windows (desktop) • windows • windows-x64    • Microsoft Windows [Version 10.0.19045.4651]
    [32m•[39m Chrome (web)      • chrome  • web-javascript • Google Chrome 126.0.6478.185
    [32m•[39m Edge (web)        • edge    • web-javascript • Microsoft Edge 127.0.2651.74

[32m[✓][39m Network resources
    [32m•[39m All expected network resources are available.

[32m•[39m No issues found!
```
